# JRE version: Java(TM) SE Runtime Environment (8.0_191-b12) (build 1.8.0_191-b12)
# Java VM: Java HotSpot(TM) 64-Bit Server VM (25.191-b12 mixed mode windows-amd64 compressed oops)
Heap:
 PSYoungGen      total 710656K, used 66912K [0x000000076b000000, 0x00000007aaa80000, 0x00000007c0000000)
  eden space 659968K, 4% used [0x000000076b000000,0x000000076d036488,0x0000000793480000)
  from space 50688K, 66% used [0x0000000793480000,0x00000007955a1e08,0x0000000796600000)
  to   space 74752K, 0% used [0x00000007a6180000,0x00000007a6180000,0x00000007aaa80000)
 ParOldGen       total 116736K, used 116548K [0x00000006c1000000, 0x00000006c8200000, 0x000000076b000000)
  object space 116736K, 99% used [0x00000006c1000000,0x00000006c81d1250,0x00000006c8200000)
 Metaspace       used 27131K, capacity 27718K, committed 28032K, reserved 1075200K
  class space    used 2979K, capacity 3120K, committed 3200K, reserved 1048576K
GC Heap History (10 events):
Event: 14.958 GC heap before
{Heap before GC invocations=7 (full 1):
 PSYoungGen      total 272896K, used 272891K [0x000000076b000000, 0x000000078a400000, 0x00000007c0000000)
  eden space 262144K, 100% used [0x000000076b000000,0x000000077b000000,0x000000077b000000)
  from space 10752K, 99% used [0x000000077b000000,0x000000077ba7ec10,0x000000077ba80000)
  to   space 53248K, 0% used [0x0000000787000000,0x0000000787000000,0x000000078a400000)
 ParOldGen       total 116736K, used 73268K [0x00000006c1000000, 0x00000006c8200000, 0x000000076b000000)
  object space 116736K, 62% used [0x00000006c1000000,0x00000006c578d3e0,0x00000006c8200000)
 Metaspace       used 25095K, capacity 25732K, committed 26112K, reserved 1073152K
  class space    used 2795K, capacity 2958K, committed 3072K, reserved 1048576K
Event: 15.032 GC heap after
Heap after GC invocations=7 (full 1):
 PSYoungGen      total 461312K, used 14581K [0x000000076b000000, 0x000000078a800000, 0x00000007c0000000)
  eden space 408064K, 0% used [0x000000076b000000,0x000000076b000000,0x0000000783e80000)
  from space 53248K, 27% used [0x0000000787000000,0x0000000787e3d7e8,0x000000078a400000)
  to   space 50688K, 0% used [0x0000000783e80000,0x0000000783e80000,0x0000000787000000)
 ParOldGen       total 116736K, used 73276K [0x00000006c1000000, 0x00000006c8200000, 0x000000076b000000)
  object space 116736K, 62% used [0x00000006c1000000,0x00000006c578f3e0,0x00000006c8200000)
 Metaspace       used 25095K, capacity 25732K, committed 26112K, reserved 1073152K
  class space    used 2795K, capacity 2958K, committed 3072K, reserved 1048576K
}
Event: 17.185 GC heap before
{Heap before GC invocations=8 (full 1):
 PSYoungGen      total 461312K, used 422645K [0x000000076b000000, 0x000000078a800000, 0x00000007c0000000)
  eden space 408064K, 100% used [0x000000076b000000,0x0000000783e80000,0x0000000783e80000)
  from space 53248K, 27% used [0x0000000787000000,0x0000000787e3d7e8,0x000000078a400000)
  to   space 50688K, 0% used [0x0000000783e80000,0x0000000783e80000,0x0000000787000000)
 ParOldGen       total 116736K, used 73276K [0x00000006c1000000, 0x00000006c8200000, 0x000000076b000000)
  object space 116736K, 62% used [0x00000006c1000000,0x00000006c578f3e0,0x00000006c8200000)
 Metaspace       used 25697K, capacity 26340K, committed 26624K, reserved 1073152K
  class space    used 2853K, capacity 3022K, committed 3072K, reserved 1048576K
Event: 17.270 GC heap after
Heap after GC invocations=8 (full 1):
 PSYoungGen      total 458752K, used 16025K [0x000000076b000000, 0x0000000799c80000, 0x00000007c0000000)
  eden space 408064K, 0% used [0x000000076b000000,0x000000076b000000,0x0000000783e80000)
  from space 50688K, 31% used [0x0000000783e80000,0x0000000784e266e8,0x0000000787000000)
  to   space 47616K, 0% used [0x0000000796e00000,0x0000000796e00000,0x0000000799c80000)
 ParOldGen       total 116736K, used 73284K [0x00000006c1000000, 0x00000006c8200000, 0x000000076b000000)
  object space 116736K, 62% used [0x00000006c1000000,0x00000006c57913e0,0x00000006c8200000)
 Metaspace       used 25697K, capacity 26340K, committed 26624K, reserved 1073152K
  class space    used 2853K, capacity 3022K, committed 3072K, reserved 1048576K
}
Event: 21.880 GC heap before
{Heap before GC invocations=9 (full 1):
 PSYoungGen      total 458752K, used 424089K [0x000000076b000000, 0x0000000799c80000, 0x00000007c0000000)
  eden space 408064K, 100% used [0x000000076b000000,0x0000000783e80000,0x0000000783e80000)
  from space 50688K, 31% used [0x0000000783e80000,0x0000000784e266e8,0x0000000787000000)
  to   space 47616K, 0% used [0x0000000796e00000,0x0000000796e00000,0x0000000799c80000)
 ParOldGen       total 116736K, used 73284K [0x00000006c1000000, 0x00000006c8200000, 0x000000076b000000)
  object space 116736K, 62% used [0x00000006c1000000,0x00000006c57913e0,0x00000006c8200000)
 Metaspace       used 25774K, capacity 26406K, committed 26624K, reserved 1073152K
  class space    used 2860K, capacity 3024K, committed 3072K, reserved 1048576K
Event: 21.938 GC heap after
Heap after GC invocations=9 (full 1):
 PSYoungGen      total 702464K, used 34932K [0x000000076b000000, 0x0000000799780000, 0x00000007c0000000)
  eden space 659968K, 0% used [0x000000076b000000,0x000000076b000000,0x0000000793480000)
  from space 42496K, 82% used [0x0000000796e00000,0x000000079901d208,0x0000000799780000)
  to   space 50688K, 0% used [0x0000000793480000,0x0000000793480000,0x0000000796600000)
 ParOldGen       total 116736K, used 73292K [0x00000006c1000000, 0x00000006c8200000, 0x000000076b000000)
  object space 116736K, 62% used [0x00000006c1000000,0x00000006c57933e0,0x00000006c8200000)
 Metaspace       used 25774K, capacity 26406K, committed 26624K, reserved 1073152K
  class space    used 2860K, capacity 3024K, committed 3072K, reserved 1048576K
}
Event: 34.327 GC heap before
{Heap before GC invocations=10 (full 1):
 PSYoungGen      total 702464K, used 694900K [0x000000076b000000, 0x0000000799780000, 0x00000007c0000000)
  eden space 659968K, 100% used [0x000000076b000000,0x0000000793480000,0x0000000793480000)
  from space 42496K, 82% used [0x0000000796e00000,0x000000079901d208,0x0000000799780000)
  to   space 50688K, 0% used [0x0000000793480000,0x0000000793480000,0x0000000796600000)
 ParOldGen       total 116736K, used 73292K [0x00000006c1000000, 0x00000006c8200000, 0x000000076b000000)
  object space 116736K, 62% used [0x00000006c1000000,0x00000006c57933e0,0x00000006c8200000)
 Metaspace       used 27058K, capacity 27654K, committed 27776K, reserved 1073152K
  class space    used 2976K, capacity 3120K, committed 3200K, reserved 1048576K
Event: 34.463 GC heap after
Heap after GC invocations=10 (full 1):
 PSYoungGen      total 710656K, used 50683K [0x000000076b000000, 0x00000007aaa80000, 0x00000007c0000000)
  eden space 659968K, 0% used [0x000000076b000000,0x000000076b000000,0x0000000793480000)
  from space 50688K, 99% used [0x0000000793480000,0x00000007965fede8,0x0000000796600000)
  to   space 74752K, 0% used [0x00000007a6180000,0x00000007a6180000,0x00000007aaa80000)
 ParOldGen       total 116736K, used 112512K [0x00000006c1000000, 0x00000006c8200000, 0x000000076b000000)
  object space 116736K, 96% used [0x00000006c1000000,0x00000006c7de0188,0x00000006c8200000)
 Metaspace       used 27058K, capacity 27654K, committed 27776K, reserved 1073152K
  class space    used 2976K, capacity 3120K, committed 3200K, reserved 1048576K
}
Event: 34.463 GC heap before
{Heap before GC invocations=11 (full 2):
 PSYoungGen      total 710656K, used 50683K [0x000000076b000000, 0x00000007aaa80000, 0x00000007c0000000)
  eden space 659968K, 0% used [0x000000076b000000,0x000000076b000000,0x0000000793480000)
  from space 50688K, 99% used [0x0000000793480000,0x00000007965fede8,0x0000000796600000)
  to   space 74752K, 0% used [0x00000007a6180000,0x00000007a6180000,0x00000007aaa80000)
 ParOldGen       total 116736K, used 112512K [0x00000006c1000000, 0x00000006c8200000, 0x000000076b000000)
  object space 116736K, 96% used [0x00000006c1000000,0x00000006c7de0188,0x00000006c8200000)
 Metaspace       used 27058K, capacity 27654K, committed 27776K, reserved 1073152K
  class space    used 2976K, capacity 3120K, committed 3200K, reserved 1048576K
Event: 35.086 GC heap after
Heap after GC invocations=11 (full 2):
 PSYoungGen      total 710656K, used 33927K [0x000000076b000000, 0x00000007aaa80000, 0x00000007c0000000)
  eden space 659968K, 0% used [0x000000076b000000,0x000000076b000000,0x0000000793480000)
  from space 50688K, 66% used [0x0000000793480000,0x00000007955a1e08,0x0000000796600000)
  to   space 74752K, 0% used [0x00000007a6180000,0x00000007a6180000,0x00000007aaa80000)
 ParOldGen       total 116736K, used 116548K [0x00000006c1000000, 0x00000006c8200000, 0x000000076b000000)
  object space 116736K, 99% used [0x00000006c1000000,0x00000006c81d1250,0x00000006c8200000)
 Metaspace       used 27058K, capacity 27654K, committed 27776K, reserved 1073152K
  class space    used 2976K, capacity 3120K, committed 3200K, reserved 1048576K
}

